Arguments: 
  C:\Program Files (x86)\nodejs\node.exe C:\Users\vara4\AppData\Roaming\npm\node_modules\yarn\bin\yarn.js add antd-mobile

PATH: 
  C:\Windows\system32;C:\Windows;C:\Windows\System32\Wbem;C:\Windows\System32\WindowsPowerShell\v1.0\;C:\Windows\System32\OpenSSH\;C:\Program Files (x86)\nodejs\;C:\Program Files (x86)\Intel\Intel(R) Management Engine Components\DAL;C:\Program Files\Intel\Intel(R) Management Engine Components\DAL;E:\Git\cmd;C:\Users\vara4\AppData\Local\Microsoft\WindowsApps;;C:\Users\vara4\AppData\Roaming\npm;E:\Microsoft VS Code\bin

Yarn version: 
  1.22.10

Node version: 
  14.15.4

Platform: 
  win32 ia32

Trace: 
  Error: https://registry.yarnpkg.com/@ant-design/icons/-/icons-4.5.0.tgz: ESOCKETTIMEDOUT
      at ClientRequest.<anonymous> (C:\Users\vara4\AppData\Roaming\npm\node_modules\yarn\lib\cli.js:141289:19)
      at Object.onceWrapper (events.js:421:28)
      at ClientRequest.emit (events.js:315:20)
      at TLSSocket.emitRequestTimeout (_http_client.js:784:9)
      at Object.onceWrapper (events.js:421:28)
      at TLSSocket.emit (events.js:327:22)
      at TLSSocket.Socket._onTimeout (net.js:483:8)
      at listOnTimeout (internal/timers.js:554:17)
      at processTimers (internal/timers.js:497:7)

npm manifest: 
  {
    "main": "node_modules/expo/AppEntry.js",
    "scripts": {
      "start": "expo start",
      "android": "expo start --android",
      "ios": "expo start --ios",
      "web": "expo start --web",
      "eject": "expo eject"
    },
    "dependencies": {
      "@react-native-community/masked-view": "^0.1.10",
      "@react-navigation/native": "^5.9.2",
      "@react-navigation/stack": "^5.14.2",
      "antd": "^4.12.3",
      "expo": "~40.0.0",
      "expo-status-bar": "~1.0.3",
      "local-storage": "^2.0.0",
      "react": "16.13.1",
      "react-dom": "16.13.1",
      "react-native": "https://github.com/expo/react-native/archive/sdk-40.0.1.tar.gz",
      "react-native-gesture-handler": "^1.10.1",
      "react-native-reanimated": "^1.13.2",
      "react-native-safe-area-context": "^3.1.9",
      "react-native-screens": "^2.17.1",
      "react-native-web": "^0.15.0",
      "react-navigation": "^4.4.3",
      "react-navigation-stack": "^2.10.2",
      "yarn": "^1.22.10"
    },
    "devDependencies": {
      "@babel/core": "~7.9.0"
    },
    "private": true
  }

yarn manifest: 
  No manifest

Lockfile: 
  No lockfile
